<?xml version="1.0" encoding="UTF-8"?>
<testsuites name="Sanity Test Suite" time="58.886" tests="4" failures="0" errors="0">
   <testsuite name="Sanity Test Suite" tests="4" failures="0" errors="0" time="58.886" skipped="0" timestamp="09-03-2025T19:23:05" hostname="vivekbarnwal - localhost" id="Test Suites/Sanity Test Suite">
      <properties>
         <property name="deviceName" value=""/>
         <property name="devicePlatform"/>
         <property name="logFolder" value="/Users/vivekbarnwal/git/KatalonFirstProject/Reports/20250309_192300/Sanity Test Suite/20250309_192300"/>
         <property name="logFiles" value="/Users/vivekbarnwal/git/KatalonFirstProject/Reports/20250309_192300/Sanity Test Suite/20250309_192300/execution0.log"/>
         <property name="attachments" value=""/>
         <property name="hostName" value="vivekbarnwal - localhost"/>
         <property name="os" value="Mac OS X 64bit"/>
         <property name="katalonVersion" value="10.1.0.223"/>
         <property name="browser" value="Chrome 133.0.6943.142"/>
         <property name="hostAddress" value="127.0.0.1"/>
         <property name="sessionId" value="c83be955b1458d719fd02891b316e9cd"/>
         <property name="seleniumVersion" value="4.22.0"/>
         <property name="proxyInformation" value="ProxyInformation { proxyOption=NO_PROXY, proxyServerType=HTTP, username=, password=********, proxyServerAddress=, proxyServerPort=0, executionList=&quot;&quot;, isApplyToDesiredCapabilities=true }"/>
         <property name="platform" value="Mac OS X"/>
      </properties>
      <testcase name="Test Cases/OrangeHrm Test Cases/OTC011_Admin Page" time="16.673" classname="Test Cases/OrangeHrm Test Cases/OTC011_Admin Page" status="PASSED">
         <system-out><![CDATA[09-03-2025T19:23:05 - [TEST_CASE][PASSED] - Test Cases/OrangeHrm Test Cases/OTC011_Admin Page: Test Cases/OrangeHrm Test Cases/OTC011_Admin Page

09-03-2025T19:23:05 - [TEST_STEP][PASSED] - callTestCase(findTestCase("OrangeHrm Test Cases/OTC002_Login with Valid Credential"), [:], STOP_ON_FAILURE): Call Test Case 'Test Cases/OrangeHrm Test Cases/OTC002_Login with Valid Credential' successfully

09-03-2025T19:23:05 - [TEST_CASE][PASSED] - Test Cases/OrangeHrm Test Cases/OTC002_Login with Valid Credential: Test Cases/OrangeHrm Test Cases/OTC002_Login with Valid Credential

09-03-2025T19:23:05 - [TEST_STEP][PASSED] - openBrowser(""): Browser is opened with url: ''

09-03-2025T19:23:05 - [MESSAGE][INFO] - Starting 'Chrome' driver

09-03-2025T19:23:05 - [MESSAGE][INFO] - Action delay is set to 0 milliseconds

09-03-2025T19:23:08 - [MESSAGE][PASSED] - Browser is opened with url: ''

09-03-2025T19:23:08 - [TEST_STEP][PASSED] - navigateToUrl("https://opensource-demo.orangehrmlive.com/web/index.php/auth/login"): Navigate to 'https://opensource-demo.orangehrmlive.com/web/index.php/auth/login' successfully

09-03-2025T19:23:13 - [MESSAGE][PASSED] - Navigate to 'https://opensource-demo.orangehrmlive.com/web/index.php/auth/login' successfully

09-03-2025T19:23:13 - [TEST_STEP][PASSED] - setText(findTestObject("Object Repository/OrangeHrm Page/Page_OrangeHRM/input_Username_username"), "Admin"): Text 'Admin' is set on object 'Object Repository/OrangeHrm Page/Page_OrangeHRM/input_Username_username'

09-03-2025T19:23:15 - [MESSAGE][PASSED] - Text 'Admin' is set on object 'Object Repository/OrangeHrm Page/Page_OrangeHRM/input_Username_username'

09-03-2025T19:23:15 - [TEST_STEP][PASSED] - setEncryptedText(findTestObject("Object Repository/OrangeHrm Page/Page_OrangeHRM/input_Password_password"), "hUKwJTbofgPU9eVlw/CnDQ=="): Text ****** has been set on object 'Object Repository/OrangeHrm Page/Page_OrangeHRM/input_Password_password'

09-03-2025T19:23:15 - [MESSAGE][PASSED] - Text ****** has been set on object 'Object Repository/OrangeHrm Page/Page_OrangeHRM/input_Password_password'

09-03-2025T19:23:15 - [TEST_STEP][PASSED] - click(findTestObject("Object Repository/OrangeHrm Page/Page_OrangeHRM/button_Login")): Object: 'Object Repository/OrangeHrm Page/Page_OrangeHRM/button_Login' is clicked on

09-03-2025T19:23:16 - [MESSAGE][PASSED] - Object: 'Object Repository/OrangeHrm Page/Page_OrangeHRM/button_Login' is clicked on

09-03-2025T19:23:16 - [TEST_STEP][PASSED] - verifyElementPresent(findTestObject("Object Repository/OrangeHrm Page/Page_OrangeHRM/body_root             --oxd-primary-one-col_45f367"), 0): Object 'Object Repository/OrangeHrm Page/Page_OrangeHRM/body_root             --oxd-primary-one-col_45f367' is present

09-03-2025T19:23:17 - [MESSAGE][WARNING] - Timeout '0' is invalid. Using default page load timeout: '30'

09-03-2025T19:23:18 - [MESSAGE][PASSED] - Object 'Object Repository/OrangeHrm Page/Page_OrangeHRM/body_root             --oxd-primary-one-col_45f367' is present

09-03-2025T19:23:18 - [MESSAGE][PASSED] - Call Test Case 'Test Cases/OrangeHrm Test Cases/OTC002_Login with Valid Credential' successfully

09-03-2025T19:23:18 - [TEST_STEP][PASSED] - waitForElementVisible(findTestObject("Object Repository/OrangeHrm Page/Page_OrangeHRM/a_Admin"), 0): Object 'Object Repository/OrangeHrm Page/Page_OrangeHRM/a_Admin' is visible

09-03-2025T19:23:18 - [MESSAGE][WARNING] - Timeout '0' is invalid. Using default page load timeout: '30'

09-03-2025T19:23:19 - [MESSAGE][PASSED] - Object 'Object Repository/OrangeHrm Page/Page_OrangeHRM/a_Admin' is visible

09-03-2025T19:23:19 - [TEST_STEP][PASSED] - click(findTestObject("Object Repository/OrangeHrm Page/Page_OrangeHRM/a_Admin")): Object: 'Object Repository/OrangeHrm Page/Page_OrangeHRM/a_Admin' is clicked on

09-03-2025T19:23:20 - [MESSAGE][PASSED] - Object: 'Object Repository/OrangeHrm Page/Page_OrangeHRM/a_Admin' is clicked on

09-03-2025T19:23:20 - [TEST_STEP][PASSED] - waitForElementVisible(findTestObject("Object Repository/OrangeHrm Page/Page_OrangeHRM/h5_System Users"), 0): Object 'Object Repository/OrangeHrm Page/Page_OrangeHRM/h5_System Users' is visible

09-03-2025T19:23:20 - [MESSAGE][WARNING] - Timeout '0' is invalid. Using default page load timeout: '30'

09-03-2025T19:23:21 - [MESSAGE][PASSED] - Object 'Object Repository/OrangeHrm Page/Page_OrangeHRM/h5_System Users' is visible

09-03-2025T19:23:21 - [TEST_STEP][PASSED] - verifyElementPresent(findTestObject("Object Repository/OrangeHrm Page/Page_OrangeHRM/h5_System Users"), 0): Object 'Object Repository/OrangeHrm Page/Page_OrangeHRM/h5_System Users' is present

09-03-2025T19:23:21 - [MESSAGE][WARNING] - Timeout '0' is invalid. Using default page load timeout: '30'

09-03-2025T19:23:21 - [MESSAGE][PASSED] - Object 'Object Repository/OrangeHrm Page/Page_OrangeHRM/h5_System Users' is present

09-03-2025T19:23:21 - [TEST_STEP][PASSED] - verifyElementPresent(findTestObject("Object Repository/OrangeHrm Page/Page_OrangeHRM/button_Search"), 0): Object 'Object Repository/OrangeHrm Page/Page_OrangeHRM/button_Search' is present

09-03-2025T19:23:21 - [MESSAGE][WARNING] - Timeout '0' is invalid. Using default page load timeout: '30'

09-03-2025T19:23:21 - [MESSAGE][PASSED] - Object 'Object Repository/OrangeHrm Page/Page_OrangeHRM/button_Search' is present

09-03-2025T19:23:21 - [TEST_STEP][PASSED] - verifyElementPresent(findTestObject("Object Repository/OrangeHrm Page/Page_OrangeHRM/button_Reset"), 0): Object 'Object Repository/OrangeHrm Page/Page_OrangeHRM/button_Reset' is present

09-03-2025T19:23:21 - [MESSAGE][WARNING] - Timeout '0' is invalid. Using default page load timeout: '30'

09-03-2025T19:23:21 - [MESSAGE][PASSED] - Object 'Object Repository/OrangeHrm Page/Page_OrangeHRM/button_Reset' is present

09-03-2025T19:23:21 - [TEST_STEP][PASSED] - verifyElementPresent(findTestObject("Object Repository/OrangeHrm Page/Page_OrangeHRM/button_Add"), 0): Object 'Object Repository/OrangeHrm Page/Page_OrangeHRM/button_Add' is present

09-03-2025T19:23:21 - [MESSAGE][WARNING] - Timeout '0' is invalid. Using default page load timeout: '30'

09-03-2025T19:23:22 - [MESSAGE][PASSED] - Object 'Object Repository/OrangeHrm Page/Page_OrangeHRM/button_Add' is present]]></system-out>
         <system-err><![CDATA[]]></system-err>
      </testcase>
      <testcase name="Test Cases/OrangeHrm Test Cases/OTC013_Leave Page" time="12.68" classname="Test Cases/OrangeHrm Test Cases/OTC013_Leave Page" status="PASSED">
         <system-out><![CDATA[09-03-2025T19:23:22 - [TEST_CASE][PASSED] - Test Cases/OrangeHrm Test Cases/OTC013_Leave Page: Test Cases/OrangeHrm Test Cases/OTC013_Leave Page

09-03-2025T19:23:22 - [TEST_STEP][PASSED] - callTestCase(findTestCase("OrangeHrm Test Cases/OTC002_Login with Valid Credential"), [:], STOP_ON_FAILURE): Call Test Case 'Test Cases/OrangeHrm Test Cases/OTC002_Login with Valid Credential' successfully

09-03-2025T19:23:22 - [TEST_CASE][PASSED] - Test Cases/OrangeHrm Test Cases/OTC002_Login with Valid Credential: Test Cases/OrangeHrm Test Cases/OTC002_Login with Valid Credential

09-03-2025T19:23:22 - [TEST_STEP][PASSED] - openBrowser(""): Browser is opened with url: ''

09-03-2025T19:23:22 - [MESSAGE][WARNING] - A browser is already opened. Closing browser and opening a new one

09-03-2025T19:23:22 - [MESSAGE][INFO] - Starting 'Chrome' driver

09-03-2025T19:23:22 - [MESSAGE][INFO] - Action delay is set to 0 milliseconds

09-03-2025T19:23:23 - [MESSAGE][PASSED] - Browser is opened with url: ''

09-03-2025T19:23:23 - [TEST_STEP][PASSED] - navigateToUrl("https://opensource-demo.orangehrmlive.com/web/index.php/auth/login"): Navigate to 'https://opensource-demo.orangehrmlive.com/web/index.php/auth/login' successfully

09-03-2025T19:23:25 - [MESSAGE][PASSED] - Navigate to 'https://opensource-demo.orangehrmlive.com/web/index.php/auth/login' successfully

09-03-2025T19:23:25 - [TEST_STEP][PASSED] - setText(findTestObject("Object Repository/OrangeHrm Page/Page_OrangeHRM/input_Username_username"), "Admin"): Text 'Admin' is set on object 'Object Repository/OrangeHrm Page/Page_OrangeHRM/input_Username_username'

09-03-2025T19:23:27 - [MESSAGE][PASSED] - Text 'Admin' is set on object 'Object Repository/OrangeHrm Page/Page_OrangeHRM/input_Username_username'

09-03-2025T19:23:27 - [TEST_STEP][PASSED] - setEncryptedText(findTestObject("Object Repository/OrangeHrm Page/Page_OrangeHRM/input_Password_password"), "hUKwJTbofgPU9eVlw/CnDQ=="): Text ****** has been set on object 'Object Repository/OrangeHrm Page/Page_OrangeHRM/input_Password_password'

09-03-2025T19:23:27 - [MESSAGE][PASSED] - Text ****** has been set on object 'Object Repository/OrangeHrm Page/Page_OrangeHRM/input_Password_password'

09-03-2025T19:23:27 - [TEST_STEP][PASSED] - click(findTestObject("Object Repository/OrangeHrm Page/Page_OrangeHRM/button_Login")): Object: 'Object Repository/OrangeHrm Page/Page_OrangeHRM/button_Login' is clicked on

09-03-2025T19:23:28 - [MESSAGE][PASSED] - Object: 'Object Repository/OrangeHrm Page/Page_OrangeHRM/button_Login' is clicked on

09-03-2025T19:23:28 - [TEST_STEP][PASSED] - verifyElementPresent(findTestObject("Object Repository/OrangeHrm Page/Page_OrangeHRM/body_root             --oxd-primary-one-col_45f367"), 0): Object 'Object Repository/OrangeHrm Page/Page_OrangeHRM/body_root             --oxd-primary-one-col_45f367' is present

09-03-2025T19:23:28 - [MESSAGE][WARNING] - Timeout '0' is invalid. Using default page load timeout: '30'

09-03-2025T19:23:30 - [MESSAGE][PASSED] - Object 'Object Repository/OrangeHrm Page/Page_OrangeHRM/body_root             --oxd-primary-one-col_45f367' is present

09-03-2025T19:23:30 - [MESSAGE][PASSED] - Call Test Case 'Test Cases/OrangeHrm Test Cases/OTC002_Login with Valid Credential' successfully

09-03-2025T19:23:30 - [TEST_STEP][PASSED] - waitForElementVisible(findTestObject("Object Repository/OrangeHrm Page/Page_OrangeHRM/a_Leave"), 0): Object 'Object Repository/OrangeHrm Page/Page_OrangeHRM/a_Leave' is visible

09-03-2025T19:23:30 - [MESSAGE][WARNING] - Timeout '0' is invalid. Using default page load timeout: '30'

09-03-2025T19:23:30 - [MESSAGE][PASSED] - Object 'Object Repository/OrangeHrm Page/Page_OrangeHRM/a_Leave' is visible

09-03-2025T19:23:30 - [TEST_STEP][PASSED] - click(findTestObject("Object Repository/OrangeHrm Page/Page_OrangeHRM/a_Leave")): Object: 'Object Repository/OrangeHrm Page/Page_OrangeHRM/a_Leave' is clicked on

09-03-2025T19:23:31 - [MESSAGE][PASSED] - Object: 'Object Repository/OrangeHrm Page/Page_OrangeHRM/a_Leave' is clicked on

09-03-2025T19:23:31 - [TEST_STEP][PASSED] - click(findTestObject("Object Repository/OrangeHrm Page/Page_OrangeHRM/h5_Leave List")): Object: 'Object Repository/OrangeHrm Page/Page_OrangeHRM/h5_Leave List' is clicked on

09-03-2025T19:23:33 - [MESSAGE][PASSED] - Object: 'Object Repository/OrangeHrm Page/Page_OrangeHRM/h5_Leave List' is clicked on

09-03-2025T19:23:33 - [TEST_STEP][PASSED] - waitForElementVisible(findTestObject("Object Repository/OrangeHrm Page/Page_OrangeHRM/h5_Leave List"), 0): Object 'Object Repository/OrangeHrm Page/Page_OrangeHRM/h5_Leave List' is visible

09-03-2025T19:23:33 - [MESSAGE][WARNING] - Timeout '0' is invalid. Using default page load timeout: '30'

09-03-2025T19:23:33 - [MESSAGE][PASSED] - Object 'Object Repository/OrangeHrm Page/Page_OrangeHRM/h5_Leave List' is visible

09-03-2025T19:23:33 - [TEST_STEP][PASSED] - verifyElementPresent(findTestObject("Object Repository/OrangeHrm Page/Page_OrangeHRM/h5_Leave List"), 0): Object 'Object Repository/OrangeHrm Page/Page_OrangeHRM/h5_Leave List' is present

09-03-2025T19:23:33 - [MESSAGE][WARNING] - Timeout '0' is invalid. Using default page load timeout: '30'

09-03-2025T19:23:33 - [MESSAGE][PASSED] - Object 'Object Repository/OrangeHrm Page/Page_OrangeHRM/h5_Leave List' is present

09-03-2025T19:23:33 - [TEST_STEP][PASSED] - click(findTestObject("Object Repository/OrangeHrm Page/Page_OrangeHRM/label_Employee Name")): Object: 'Object Repository/OrangeHrm Page/Page_OrangeHRM/label_Employee Name' is clicked on

09-03-2025T19:23:33 - [MESSAGE][PASSED] - Object: 'Object Repository/OrangeHrm Page/Page_OrangeHRM/label_Employee Name' is clicked on

09-03-2025T19:23:33 - [TEST_STEP][PASSED] - verifyElementPresent(findTestObject("Object Repository/OrangeHrm Page/Page_OrangeHRM/label_Employee Name"), 0): Object 'Object Repository/OrangeHrm Page/Page_OrangeHRM/label_Employee Name' is present

09-03-2025T19:23:33 - [MESSAGE][WARNING] - Timeout '0' is invalid. Using default page load timeout: '30'

09-03-2025T19:23:34 - [MESSAGE][PASSED] - Object 'Object Repository/OrangeHrm Page/Page_OrangeHRM/label_Employee Name' is present

09-03-2025T19:23:34 - [TEST_STEP][PASSED] - verifyElementPresent(findTestObject("Object Repository/OrangeHrm Page/Page_OrangeHRM/button_Search"), 0): Object 'Object Repository/OrangeHrm Page/Page_OrangeHRM/button_Search' is present

09-03-2025T19:23:34 - [MESSAGE][WARNING] - Timeout '0' is invalid. Using default page load timeout: '30'

09-03-2025T19:23:34 - [MESSAGE][PASSED] - Object 'Object Repository/OrangeHrm Page/Page_OrangeHRM/button_Search' is present

09-03-2025T19:23:34 - [TEST_STEP][PASSED] - verifyElementPresent(findTestObject("Object Repository/OrangeHrm Page/Page_OrangeHRM/button_Reset"), 0): Object 'Object Repository/OrangeHrm Page/Page_OrangeHRM/button_Reset' is present

09-03-2025T19:23:34 - [MESSAGE][WARNING] - Timeout '0' is invalid. Using default page load timeout: '30'

09-03-2025T19:23:34 - [MESSAGE][PASSED] - Object 'Object Repository/OrangeHrm Page/Page_OrangeHRM/button_Reset' is present

09-03-2025T19:23:34 - [TEST_STEP][PASSED] - verifyElementPresent(findTestObject("Object Repository/OrangeHrm Page/Page_OrangeHRM/span_(5) Records Found"), 0): Object 'Object Repository/OrangeHrm Page/Page_OrangeHRM/span_(5) Records Found' is present

09-03-2025T19:23:34 - [MESSAGE][WARNING] - Timeout '0' is invalid. Using default page load timeout: '30'

09-03-2025T19:23:34 - [MESSAGE][PASSED] - Object 'Object Repository/OrangeHrm Page/Page_OrangeHRM/span_(5) Records Found' is present

09-03-2025T19:23:34 - [TEST_STEP][PASSED] - closeBrowser(): Browser is closed

09-03-2025T19:23:34 - [MESSAGE][PASSED] - Browser is closed]]></system-out>
         <system-err><![CDATA[]]></system-err>
      </testcase>
      <testcase name="Test Cases/OrangeHrm Test Cases/OTC013_Leave Page" time="14.361" classname="Test Cases/OrangeHrm Test Cases/OTC013_Leave Page" status="PASSED">
         <system-out><![CDATA[09-03-2025T19:23:34 - [TEST_CASE][PASSED] - Test Cases/OrangeHrm Test Cases/OTC013_Leave Page: Test Cases/OrangeHrm Test Cases/OTC013_Leave Page

09-03-2025T19:23:34 - [TEST_STEP][PASSED] - callTestCase(findTestCase("OrangeHrm Test Cases/OTC002_Login with Valid Credential"), [:], STOP_ON_FAILURE): Call Test Case 'Test Cases/OrangeHrm Test Cases/OTC002_Login with Valid Credential' successfully

09-03-2025T19:23:34 - [TEST_CASE][PASSED] - Test Cases/OrangeHrm Test Cases/OTC002_Login with Valid Credential: Test Cases/OrangeHrm Test Cases/OTC002_Login with Valid Credential

09-03-2025T19:23:34 - [TEST_STEP][PASSED] - openBrowser(""): Browser is opened with url: ''

09-03-2025T19:23:34 - [MESSAGE][INFO] - Starting 'Chrome' driver

09-03-2025T19:23:34 - [MESSAGE][INFO] - Action delay is set to 0 milliseconds

09-03-2025T19:23:35 - [MESSAGE][PASSED] - Browser is opened with url: ''

09-03-2025T19:23:35 - [TEST_STEP][PASSED] - navigateToUrl("https://opensource-demo.orangehrmlive.com/web/index.php/auth/login"): Navigate to 'https://opensource-demo.orangehrmlive.com/web/index.php/auth/login' successfully

09-03-2025T19:23:38 - [MESSAGE][PASSED] - Navigate to 'https://opensource-demo.orangehrmlive.com/web/index.php/auth/login' successfully

09-03-2025T19:23:38 - [TEST_STEP][PASSED] - setText(findTestObject("Object Repository/OrangeHrm Page/Page_OrangeHRM/input_Username_username"), "Admin"): Text 'Admin' is set on object 'Object Repository/OrangeHrm Page/Page_OrangeHRM/input_Username_username'

09-03-2025T19:23:41 - [MESSAGE][PASSED] - Text 'Admin' is set on object 'Object Repository/OrangeHrm Page/Page_OrangeHRM/input_Username_username'

09-03-2025T19:23:41 - [TEST_STEP][PASSED] - setEncryptedText(findTestObject("Object Repository/OrangeHrm Page/Page_OrangeHRM/input_Password_password"), "hUKwJTbofgPU9eVlw/CnDQ=="): Text ****** has been set on object 'Object Repository/OrangeHrm Page/Page_OrangeHRM/input_Password_password'

09-03-2025T19:23:41 - [MESSAGE][PASSED] - Text ****** has been set on object 'Object Repository/OrangeHrm Page/Page_OrangeHRM/input_Password_password'

09-03-2025T19:23:41 - [TEST_STEP][PASSED] - click(findTestObject("Object Repository/OrangeHrm Page/Page_OrangeHRM/button_Login")): Object: 'Object Repository/OrangeHrm Page/Page_OrangeHRM/button_Login' is clicked on

09-03-2025T19:23:43 - [MESSAGE][PASSED] - Object: 'Object Repository/OrangeHrm Page/Page_OrangeHRM/button_Login' is clicked on

09-03-2025T19:23:43 - [TEST_STEP][PASSED] - verifyElementPresent(findTestObject("Object Repository/OrangeHrm Page/Page_OrangeHRM/body_root             --oxd-primary-one-col_45f367"), 0): Object 'Object Repository/OrangeHrm Page/Page_OrangeHRM/body_root             --oxd-primary-one-col_45f367' is present

09-03-2025T19:23:43 - [MESSAGE][WARNING] - Timeout '0' is invalid. Using default page load timeout: '30'

09-03-2025T19:23:44 - [MESSAGE][PASSED] - Object 'Object Repository/OrangeHrm Page/Page_OrangeHRM/body_root             --oxd-primary-one-col_45f367' is present

09-03-2025T19:23:44 - [MESSAGE][PASSED] - Call Test Case 'Test Cases/OrangeHrm Test Cases/OTC002_Login with Valid Credential' successfully

09-03-2025T19:23:44 - [TEST_STEP][PASSED] - waitForElementVisible(findTestObject("Object Repository/OrangeHrm Page/Page_OrangeHRM/a_Leave"), 0): Object 'Object Repository/OrangeHrm Page/Page_OrangeHRM/a_Leave' is visible

09-03-2025T19:23:44 - [MESSAGE][WARNING] - Timeout '0' is invalid. Using default page load timeout: '30'

09-03-2025T19:23:45 - [MESSAGE][PASSED] - Object 'Object Repository/OrangeHrm Page/Page_OrangeHRM/a_Leave' is visible

09-03-2025T19:23:45 - [TEST_STEP][PASSED] - click(findTestObject("Object Repository/OrangeHrm Page/Page_OrangeHRM/a_Leave")): Object: 'Object Repository/OrangeHrm Page/Page_OrangeHRM/a_Leave' is clicked on

09-03-2025T19:23:45 - [MESSAGE][PASSED] - Object: 'Object Repository/OrangeHrm Page/Page_OrangeHRM/a_Leave' is clicked on

09-03-2025T19:23:45 - [TEST_STEP][PASSED] - click(findTestObject("Object Repository/OrangeHrm Page/Page_OrangeHRM/h5_Leave List")): Object: 'Object Repository/OrangeHrm Page/Page_OrangeHRM/h5_Leave List' is clicked on

09-03-2025T19:23:47 - [MESSAGE][PASSED] - Object: 'Object Repository/OrangeHrm Page/Page_OrangeHRM/h5_Leave List' is clicked on

09-03-2025T19:23:47 - [TEST_STEP][PASSED] - waitForElementVisible(findTestObject("Object Repository/OrangeHrm Page/Page_OrangeHRM/h5_Leave List"), 0): Object 'Object Repository/OrangeHrm Page/Page_OrangeHRM/h5_Leave List' is visible

09-03-2025T19:23:47 - [MESSAGE][WARNING] - Timeout '0' is invalid. Using default page load timeout: '30'

09-03-2025T19:23:47 - [MESSAGE][PASSED] - Object 'Object Repository/OrangeHrm Page/Page_OrangeHRM/h5_Leave List' is visible

09-03-2025T19:23:47 - [TEST_STEP][PASSED] - verifyElementPresent(findTestObject("Object Repository/OrangeHrm Page/Page_OrangeHRM/h5_Leave List"), 0): Object 'Object Repository/OrangeHrm Page/Page_OrangeHRM/h5_Leave List' is present

09-03-2025T19:23:47 - [MESSAGE][WARNING] - Timeout '0' is invalid. Using default page load timeout: '30'

09-03-2025T19:23:47 - [MESSAGE][PASSED] - Object 'Object Repository/OrangeHrm Page/Page_OrangeHRM/h5_Leave List' is present

09-03-2025T19:23:47 - [TEST_STEP][PASSED] - click(findTestObject("Object Repository/OrangeHrm Page/Page_OrangeHRM/label_Employee Name")): Object: 'Object Repository/OrangeHrm Page/Page_OrangeHRM/label_Employee Name' is clicked on

09-03-2025T19:23:48 - [MESSAGE][PASSED] - Object: 'Object Repository/OrangeHrm Page/Page_OrangeHRM/label_Employee Name' is clicked on

09-03-2025T19:23:48 - [TEST_STEP][PASSED] - verifyElementPresent(findTestObject("Object Repository/OrangeHrm Page/Page_OrangeHRM/label_Employee Name"), 0): Object 'Object Repository/OrangeHrm Page/Page_OrangeHRM/label_Employee Name' is present

09-03-2025T19:23:48 - [MESSAGE][WARNING] - Timeout '0' is invalid. Using default page load timeout: '30'

09-03-2025T19:23:48 - [MESSAGE][PASSED] - Object 'Object Repository/OrangeHrm Page/Page_OrangeHRM/label_Employee Name' is present

09-03-2025T19:23:48 - [TEST_STEP][PASSED] - verifyElementPresent(findTestObject("Object Repository/OrangeHrm Page/Page_OrangeHRM/button_Search"), 0): Object 'Object Repository/OrangeHrm Page/Page_OrangeHRM/button_Search' is present

09-03-2025T19:23:48 - [MESSAGE][WARNING] - Timeout '0' is invalid. Using default page load timeout: '30'

09-03-2025T19:23:48 - [MESSAGE][PASSED] - Object 'Object Repository/OrangeHrm Page/Page_OrangeHRM/button_Search' is present

09-03-2025T19:23:48 - [TEST_STEP][PASSED] - verifyElementPresent(findTestObject("Object Repository/OrangeHrm Page/Page_OrangeHRM/button_Reset"), 0): Object 'Object Repository/OrangeHrm Page/Page_OrangeHRM/button_Reset' is present

09-03-2025T19:23:48 - [MESSAGE][WARNING] - Timeout '0' is invalid. Using default page load timeout: '30'

09-03-2025T19:23:48 - [MESSAGE][PASSED] - Object 'Object Repository/OrangeHrm Page/Page_OrangeHRM/button_Reset' is present

09-03-2025T19:23:48 - [TEST_STEP][PASSED] - verifyElementPresent(findTestObject("Object Repository/OrangeHrm Page/Page_OrangeHRM/span_(5) Records Found"), 0): Object 'Object Repository/OrangeHrm Page/Page_OrangeHRM/span_(5) Records Found' is present

09-03-2025T19:23:48 - [MESSAGE][WARNING] - Timeout '0' is invalid. Using default page load timeout: '30'

09-03-2025T19:23:49 - [MESSAGE][PASSED] - Object 'Object Repository/OrangeHrm Page/Page_OrangeHRM/span_(5) Records Found' is present

09-03-2025T19:23:49 - [TEST_STEP][PASSED] - closeBrowser(): Browser is closed

09-03-2025T19:23:49 - [MESSAGE][PASSED] - Browser is closed]]></system-out>
         <system-err><![CDATA[]]></system-err>
      </testcase>
      <testcase name="Test Cases/OrangeHrm Test Cases/OTC014_Time Page" time="15.097" classname="Test Cases/OrangeHrm Test Cases/OTC014_Time Page" status="PASSED">
         <system-out><![CDATA[09-03-2025T19:23:49 - [TEST_CASE][PASSED] - Test Cases/OrangeHrm Test Cases/OTC014_Time Page: Test Cases/OrangeHrm Test Cases/OTC014_Time Page

09-03-2025T19:23:49 - [TEST_STEP][PASSED] - callTestCase(findTestCase("OrangeHrm Test Cases/OTC002_Login with Valid Credential"), [:], STOP_ON_FAILURE): Call Test Case 'Test Cases/OrangeHrm Test Cases/OTC002_Login with Valid Credential' successfully

09-03-2025T19:23:49 - [TEST_CASE][PASSED] - Test Cases/OrangeHrm Test Cases/OTC002_Login with Valid Credential: Test Cases/OrangeHrm Test Cases/OTC002_Login with Valid Credential

09-03-2025T19:23:49 - [TEST_STEP][PASSED] - openBrowser(""): Browser is opened with url: ''

09-03-2025T19:23:49 - [MESSAGE][INFO] - Starting 'Chrome' driver

09-03-2025T19:23:49 - [MESSAGE][INFO] - Action delay is set to 0 milliseconds

09-03-2025T19:23:50 - [MESSAGE][PASSED] - Browser is opened with url: ''

09-03-2025T19:23:50 - [TEST_STEP][PASSED] - navigateToUrl("https://opensource-demo.orangehrmlive.com/web/index.php/auth/login"): Navigate to 'https://opensource-demo.orangehrmlive.com/web/index.php/auth/login' successfully

09-03-2025T19:23:55 - [MESSAGE][PASSED] - Navigate to 'https://opensource-demo.orangehrmlive.com/web/index.php/auth/login' successfully

09-03-2025T19:23:55 - [TEST_STEP][PASSED] - setText(findTestObject("Object Repository/OrangeHrm Page/Page_OrangeHRM/input_Username_username"), "Admin"): Text 'Admin' is set on object 'Object Repository/OrangeHrm Page/Page_OrangeHRM/input_Username_username'

09-03-2025T19:23:57 - [MESSAGE][PASSED] - Text 'Admin' is set on object 'Object Repository/OrangeHrm Page/Page_OrangeHRM/input_Username_username'

09-03-2025T19:23:57 - [TEST_STEP][PASSED] - setEncryptedText(findTestObject("Object Repository/OrangeHrm Page/Page_OrangeHRM/input_Password_password"), "hUKwJTbofgPU9eVlw/CnDQ=="): Text ****** has been set on object 'Object Repository/OrangeHrm Page/Page_OrangeHRM/input_Password_password'

09-03-2025T19:23:57 - [MESSAGE][PASSED] - Text ****** has been set on object 'Object Repository/OrangeHrm Page/Page_OrangeHRM/input_Password_password'

09-03-2025T19:23:57 - [TEST_STEP][PASSED] - click(findTestObject("Object Repository/OrangeHrm Page/Page_OrangeHRM/button_Login")): Object: 'Object Repository/OrangeHrm Page/Page_OrangeHRM/button_Login' is clicked on

09-03-2025T19:23:58 - [MESSAGE][PASSED] - Object: 'Object Repository/OrangeHrm Page/Page_OrangeHRM/button_Login' is clicked on

09-03-2025T19:23:58 - [TEST_STEP][PASSED] - verifyElementPresent(findTestObject("Object Repository/OrangeHrm Page/Page_OrangeHRM/body_root             --oxd-primary-one-col_45f367"), 0): Object 'Object Repository/OrangeHrm Page/Page_OrangeHRM/body_root             --oxd-primary-one-col_45f367' is present

09-03-2025T19:23:58 - [MESSAGE][WARNING] - Timeout '0' is invalid. Using default page load timeout: '30'

09-03-2025T19:24:00 - [MESSAGE][PASSED] - Object 'Object Repository/OrangeHrm Page/Page_OrangeHRM/body_root             --oxd-primary-one-col_45f367' is present

09-03-2025T19:24:00 - [MESSAGE][PASSED] - Call Test Case 'Test Cases/OrangeHrm Test Cases/OTC002_Login with Valid Credential' successfully

09-03-2025T19:24:00 - [TEST_STEP][PASSED] - waitForElementVisible(findTestObject("Object Repository/OrangeHrm Page/Page_OrangeHRM/span_Time"), 0): Object 'Object Repository/OrangeHrm Page/Page_OrangeHRM/span_Time' is visible

09-03-2025T19:24:00 - [MESSAGE][WARNING] - Timeout '0' is invalid. Using default page load timeout: '30'

09-03-2025T19:24:00 - [MESSAGE][PASSED] - Object 'Object Repository/OrangeHrm Page/Page_OrangeHRM/span_Time' is visible

09-03-2025T19:24:00 - [TEST_STEP][PASSED] - click(findTestObject("Object Repository/OrangeHrm Page/Page_OrangeHRM/span_Time")): Object: 'Object Repository/OrangeHrm Page/Page_OrangeHRM/span_Time' is clicked on

09-03-2025T19:24:01 - [MESSAGE][PASSED] - Object: 'Object Repository/OrangeHrm Page/Page_OrangeHRM/span_Time' is clicked on

09-03-2025T19:24:01 - [TEST_STEP][PASSED] - waitForElementVisible(findTestObject("Object Repository/OrangeHrm Page/Page_OrangeHRM/h6_Select Employee"), 0): Object 'Object Repository/OrangeHrm Page/Page_OrangeHRM/h6_Select Employee' is visible

09-03-2025T19:24:01 - [MESSAGE][WARNING] - Timeout '0' is invalid. Using default page load timeout: '30'

09-03-2025T19:24:03 - [MESSAGE][PASSED] - Object 'Object Repository/OrangeHrm Page/Page_OrangeHRM/h6_Select Employee' is visible

09-03-2025T19:24:03 - [TEST_STEP][PASSED] - verifyElementPresent(findTestObject("Object Repository/OrangeHrm Page/Page_OrangeHRM/input_Type for hints"), 0): Object 'Object Repository/OrangeHrm Page/Page_OrangeHRM/input_Type for hints' is present

09-03-2025T19:24:03 - [MESSAGE][WARNING] - Timeout '0' is invalid. Using default page load timeout: '30'

09-03-2025T19:24:03 - [MESSAGE][PASSED] - Object 'Object Repository/OrangeHrm Page/Page_OrangeHRM/input_Type for hints' is present

09-03-2025T19:24:03 - [TEST_STEP][PASSED] - click(findTestObject("Object Repository/OrangeHrm Page/Page_OrangeHRM/input_Type for hints")): Object: 'Object Repository/OrangeHrm Page/Page_OrangeHRM/input_Type for hints' is clicked on

09-03-2025T19:24:03 - [MESSAGE][PASSED] - Object: 'Object Repository/OrangeHrm Page/Page_OrangeHRM/input_Type for hints' is clicked on

09-03-2025T19:24:03 - [TEST_STEP][PASSED] - verifyElementPresent(findTestObject("Object Repository/OrangeHrm Page/Page_OrangeHRM/button_View"), 0): Object 'Object Repository/OrangeHrm Page/Page_OrangeHRM/button_View' is present

09-03-2025T19:24:03 - [MESSAGE][WARNING] - Timeout '0' is invalid. Using default page load timeout: '30'

09-03-2025T19:24:03 - [MESSAGE][PASSED] - Object 'Object Repository/OrangeHrm Page/Page_OrangeHRM/button_View' is present

09-03-2025T19:24:03 - [TEST_STEP][PASSED] - verifyElementPresent(findTestObject("Object Repository/OrangeHrm Page/Page_OrangeHRM/h6_Timesheets Pending Action"), 0): Object 'Object Repository/OrangeHrm Page/Page_OrangeHRM/h6_Timesheets Pending Action' is present

09-03-2025T19:24:03 - [MESSAGE][WARNING] - Timeout '0' is invalid. Using default page load timeout: '30'

09-03-2025T19:24:04 - [MESSAGE][PASSED] - Object 'Object Repository/OrangeHrm Page/Page_OrangeHRM/h6_Timesheets Pending Action' is present

09-03-2025T19:24:04 - [TEST_STEP][PASSED] - verifyElementPresent(findTestObject("Object Repository/OrangeHrm Page/Page_OrangeHRM/span_(3) Records Found"), 0): Object 'Object Repository/OrangeHrm Page/Page_OrangeHRM/span_(3) Records Found' is present

09-03-2025T19:24:04 - [MESSAGE][WARNING] - Timeout '0' is invalid. Using default page load timeout: '30'

09-03-2025T19:24:04 - [MESSAGE][PASSED] - Object 'Object Repository/OrangeHrm Page/Page_OrangeHRM/span_(3) Records Found' is present

09-03-2025T19:24:04 - [TEST_STEP][PASSED] - closeBrowser(): Browser is closed

09-03-2025T19:24:04 - [MESSAGE][PASSED] - Browser is closed]]></system-out>
         <system-err><![CDATA[]]></system-err>
      </testcase>
      <system-out><![CDATA[09-03-2025T19:23:05 - [TEST_SUITE][PASSED] - Sanity Test Suite: Test Cases/OrangeHrm Test Cases/OTC014_Time Page]]></system-out>
      <system-err><![CDATA[]]></system-err>
   </testsuite>
</testsuites>
