<?xml version="1.0" encoding="UTF-8"?>
<testsuites name="Smoke Test Suite" time="66.593" tests="5" failures="0" errors="0">
   <testsuite name="Smoke Test Suite" tests="5" failures="0" errors="0" time="66.593" skipped="0" timestamp="09-03-2025T19:19:13" hostname="vivekbarnwal - localhost" id="Test Suites/Smoke Test Suite">
      <properties>
         <property name="deviceName" value=""/>
         <property name="devicePlatform"/>
         <property name="logFolder" value="/Users/vivekbarnwal/git/KatalonFirstProject/Reports/20250309_191908/Smoke Test Suite/20250309_191908"/>
         <property name="logFiles" value="/Users/vivekbarnwal/git/KatalonFirstProject/Reports/20250309_191908/Smoke Test Suite/20250309_191908/execution0.log"/>
         <property name="attachments" value=""/>
         <property name="hostName" value="vivekbarnwal - localhost"/>
         <property name="os" value="Mac OS X 64bit"/>
         <property name="katalonVersion" value="10.1.0.223"/>
         <property name="browser" value="Chrome 133.0.6943.142"/>
         <property name="hostAddress" value="127.0.0.1"/>
         <property name="sessionId" value="6f47b668949794a000b9ab6fee7cfd28"/>
         <property name="seleniumVersion" value="4.22.0"/>
         <property name="proxyInformation" value="ProxyInformation { proxyOption=NO_PROXY, proxyServerType=HTTP, username=, password=********, proxyServerAddress=, proxyServerPort=0, executionList=&quot;&quot;, isApplyToDesiredCapabilities=true }"/>
         <property name="platform" value="Mac OS X"/>
      </properties>
      <testcase name="Test Cases/OrangeHrm Test Cases/OTC001_Login Home Page Validation" time="7.819" classname="Test Cases/OrangeHrm Test Cases/OTC001_Login Home Page Validation" status="PASSED">
         <system-out><![CDATA[09-03-2025T19:19:13 - [TEST_CASE][PASSED] - Test Cases/OrangeHrm Test Cases/OTC001_Login Home Page Validation: Test Cases/OrangeHrm Test Cases/OTC001_Login Home Page Validation

09-03-2025T19:19:13 - [TEST_STEP][PASSED] - openBrowser(""): Browser is opened with url: ''

09-03-2025T19:19:13 - [MESSAGE][INFO] - Starting 'Chrome' driver

09-03-2025T19:19:13 - [MESSAGE][INFO] - Action delay is set to 0 milliseconds

09-03-2025T19:19:15 - [MESSAGE][PASSED] - Browser is opened with url: ''

09-03-2025T19:19:15 - [TEST_STEP][PASSED] - navigateToUrl("https://opensource-demo.orangehrmlive.com/web/index.php/auth/login"): Navigate to 'https://opensource-demo.orangehrmlive.com/web/index.php/auth/login' successfully

09-03-2025T19:19:18 - [MESSAGE][PASSED] - Navigate to 'https://opensource-demo.orangehrmlive.com/web/index.php/auth/login' successfully

09-03-2025T19:19:18 - [TEST_STEP][PASSED] - waitForElementVisible(findTestObject("Object Repository/OrangeHrm Page/Page_OrangeHRM/input_Username_username"), 0): Object 'Object Repository/OrangeHrm Page/Page_OrangeHRM/input_Username_username' is visible

09-03-2025T19:19:18 - [MESSAGE][WARNING] - Timeout '0' is invalid. Using default page load timeout: '30'

09-03-2025T19:19:19 - [MESSAGE][PASSED] - Object 'Object Repository/OrangeHrm Page/Page_OrangeHRM/input_Username_username' is visible

09-03-2025T19:19:19 - [TEST_STEP][PASSED] - verifyElementPresent(findTestObject("Object Repository/OrangeHrm Page/Page_OrangeHRM/body_root             --oxd-primary-one-col_45f367"), 0): Object 'Object Repository/OrangeHrm Page/Page_OrangeHRM/body_root             --oxd-primary-one-col_45f367' is present

09-03-2025T19:19:19 - [MESSAGE][WARNING] - Timeout '0' is invalid. Using default page load timeout: '30'

09-03-2025T19:19:20 - [MESSAGE][PASSED] - Object 'Object Repository/OrangeHrm Page/Page_OrangeHRM/body_root             --oxd-primary-one-col_45f367' is present

09-03-2025T19:19:20 - [TEST_STEP][PASSED] - verifyElementPresent(findTestObject("Object Repository/OrangeHrm Page/Page_OrangeHRM/body_root             --oxd-primary-one-col_45f367_1"), 0): Object 'Object Repository/OrangeHrm Page/Page_OrangeHRM/body_root             --oxd-primary-one-col_45f367_1' is present

09-03-2025T19:19:20 - [MESSAGE][WARNING] - Timeout '0' is invalid. Using default page load timeout: '30'

09-03-2025T19:19:20 - [MESSAGE][PASSED] - Object 'Object Repository/OrangeHrm Page/Page_OrangeHRM/body_root             --oxd-primary-one-col_45f367_1' is present

09-03-2025T19:19:20 - [TEST_STEP][PASSED] - verifyElementPresent(findTestObject("Object Repository/OrangeHrm Page/Page_OrangeHRM/button_Login"), 0): Object 'Object Repository/OrangeHrm Page/Page_OrangeHRM/button_Login' is present

09-03-2025T19:19:20 - [MESSAGE][WARNING] - Timeout '0' is invalid. Using default page load timeout: '30'

09-03-2025T19:19:20 - [MESSAGE][PASSED] - Object 'Object Repository/OrangeHrm Page/Page_OrangeHRM/button_Login' is present

09-03-2025T19:19:20 - [TEST_STEP][PASSED] - verifyElementPresent(findTestObject("Object Repository/OrangeHrm Page/Page_OrangeHRM/body_root             --oxd-primary-one-col_45f367_1_2"), 0): Object 'Object Repository/OrangeHrm Page/Page_OrangeHRM/body_root             --oxd-primary-one-col_45f367_1_2' is present

09-03-2025T19:19:20 - [MESSAGE][WARNING] - Timeout '0' is invalid. Using default page load timeout: '30'

09-03-2025T19:19:20 - [MESSAGE][PASSED] - Object 'Object Repository/OrangeHrm Page/Page_OrangeHRM/body_root             --oxd-primary-one-col_45f367_1_2' is present

09-03-2025T19:19:20 - [TEST_STEP][PASSED] - verifyElementPresent(findTestObject("Object Repository/OrangeHrm Page/Page_OrangeHRM/input_Username_username"), 0): Object 'Object Repository/OrangeHrm Page/Page_OrangeHRM/input_Username_username' is present

09-03-2025T19:19:20 - [MESSAGE][WARNING] - Timeout '0' is invalid. Using default page load timeout: '30'

09-03-2025T19:19:20 - [MESSAGE][PASSED] - Object 'Object Repository/OrangeHrm Page/Page_OrangeHRM/input_Username_username' is present

09-03-2025T19:19:20 - [TEST_STEP][PASSED] - closeBrowser(): Browser is closed

09-03-2025T19:19:21 - [MESSAGE][PASSED] - Browser is closed]]></system-out>
         <system-err><![CDATA[]]></system-err>
      </testcase>
      <testcase name="Test Cases/OrangeHrm Test Cases/OTC004_About Page" time="13.495" classname="Test Cases/OrangeHrm Test Cases/OTC004_About Page" status="PASSED">
         <system-out><![CDATA[09-03-2025T19:19:21 - [TEST_CASE][PASSED] - Test Cases/OrangeHrm Test Cases/OTC004_About Page: Test Cases/OrangeHrm Test Cases/OTC004_About Page

09-03-2025T19:19:21 - [TEST_STEP][PASSED] - callTestCase(findTestCase("OrangeHrm Test Cases/OTC002_Login with Valid Credential"), [:], STOP_ON_FAILURE): Call Test Case 'Test Cases/OrangeHrm Test Cases/OTC002_Login with Valid Credential' successfully

09-03-2025T19:19:21 - [TEST_CASE][PASSED] - Test Cases/OrangeHrm Test Cases/OTC002_Login with Valid Credential: Test Cases/OrangeHrm Test Cases/OTC002_Login with Valid Credential

09-03-2025T19:19:21 - [TEST_STEP][PASSED] - openBrowser(""): Browser is opened with url: ''

09-03-2025T19:19:21 - [MESSAGE][INFO] - Starting 'Chrome' driver

09-03-2025T19:19:21 - [MESSAGE][INFO] - Action delay is set to 0 milliseconds

09-03-2025T19:19:21 - [MESSAGE][PASSED] - Browser is opened with url: ''

09-03-2025T19:19:21 - [TEST_STEP][PASSED] - navigateToUrl("https://opensource-demo.orangehrmlive.com/web/index.php/auth/login"): Navigate to 'https://opensource-demo.orangehrmlive.com/web/index.php/auth/login' successfully

09-03-2025T19:19:24 - [MESSAGE][PASSED] - Navigate to 'https://opensource-demo.orangehrmlive.com/web/index.php/auth/login' successfully

09-03-2025T19:19:24 - [TEST_STEP][PASSED] - setText(findTestObject("Object Repository/OrangeHrm Page/Page_OrangeHRM/input_Username_username"), "Admin"): Text 'Admin' is set on object 'Object Repository/OrangeHrm Page/Page_OrangeHRM/input_Username_username'

09-03-2025T19:19:27 - [MESSAGE][PASSED] - Text 'Admin' is set on object 'Object Repository/OrangeHrm Page/Page_OrangeHRM/input_Username_username'

09-03-2025T19:19:27 - [TEST_STEP][PASSED] - setEncryptedText(findTestObject("Object Repository/OrangeHrm Page/Page_OrangeHRM/input_Password_password"), "hUKwJTbofgPU9eVlw/CnDQ=="): Text ****** has been set on object 'Object Repository/OrangeHrm Page/Page_OrangeHRM/input_Password_password'

09-03-2025T19:19:28 - [MESSAGE][PASSED] - Text ****** has been set on object 'Object Repository/OrangeHrm Page/Page_OrangeHRM/input_Password_password'

09-03-2025T19:19:28 - [TEST_STEP][PASSED] - click(findTestObject("Object Repository/OrangeHrm Page/Page_OrangeHRM/button_Login")): Object: 'Object Repository/OrangeHrm Page/Page_OrangeHRM/button_Login' is clicked on

09-03-2025T19:19:29 - [MESSAGE][PASSED] - Object: 'Object Repository/OrangeHrm Page/Page_OrangeHRM/button_Login' is clicked on

09-03-2025T19:19:29 - [TEST_STEP][PASSED] - verifyElementPresent(findTestObject("Object Repository/OrangeHrm Page/Page_OrangeHRM/body_root             --oxd-primary-one-col_45f367"), 0): Object 'Object Repository/OrangeHrm Page/Page_OrangeHRM/body_root             --oxd-primary-one-col_45f367' is present

09-03-2025T19:19:29 - [MESSAGE][WARNING] - Timeout '0' is invalid. Using default page load timeout: '30'

09-03-2025T19:19:31 - [MESSAGE][PASSED] - Object 'Object Repository/OrangeHrm Page/Page_OrangeHRM/body_root             --oxd-primary-one-col_45f367' is present

09-03-2025T19:19:31 - [MESSAGE][PASSED] - Call Test Case 'Test Cases/OrangeHrm Test Cases/OTC002_Login with Valid Credential' successfully

09-03-2025T19:19:31 - [TEST_STEP][PASSED] - waitForElementVisible(findTestObject("Object Repository/OrangeHrm Page/Page_OrangeHRM/i_oxd-icon bi-caret-down-fill oxd-userdropdown-i"), 0): Object 'Object Repository/OrangeHrm Page/Page_OrangeHRM/i_oxd-icon bi-caret-down-fill oxd-userdropdown-i' is visible

09-03-2025T19:19:31 - [MESSAGE][WARNING] - Timeout '0' is invalid. Using default page load timeout: '30'

09-03-2025T19:19:31 - [MESSAGE][PASSED] - Object 'Object Repository/OrangeHrm Page/Page_OrangeHRM/i_oxd-icon bi-caret-down-fill oxd-userdropdown-i' is visible

09-03-2025T19:19:31 - [TEST_STEP][PASSED] - click(findTestObject("Object Repository/OrangeHrm Page/Page_OrangeHRM/i_oxd-icon bi-caret-down-fill oxd-userdropdown-i")): Object: 'Object Repository/OrangeHrm Page/Page_OrangeHRM/i_oxd-icon bi-caret-down-fill oxd-userdropdown-i' is clicked on

09-03-2025T19:19:31 - [MESSAGE][PASSED] - Object: 'Object Repository/OrangeHrm Page/Page_OrangeHRM/i_oxd-icon bi-caret-down-fill oxd-userdropdown-i' is clicked on

09-03-2025T19:19:31 - [TEST_STEP][PASSED] - verifyElementPresent(findTestObject("Object Repository/OrangeHrm Page/Page_OrangeHRM/a_About"), 0): Object 'Object Repository/OrangeHrm Page/Page_OrangeHRM/a_About' is present

09-03-2025T19:19:31 - [MESSAGE][WARNING] - Timeout '0' is invalid. Using default page load timeout: '30'

09-03-2025T19:19:32 - [MESSAGE][PASSED] - Object 'Object Repository/OrangeHrm Page/Page_OrangeHRM/a_About' is present

09-03-2025T19:19:32 - [TEST_STEP][PASSED] - click(findTestObject("Object Repository/OrangeHrm Page/Page_OrangeHRM/a_About")): Object: 'Object Repository/OrangeHrm Page/Page_OrangeHRM/a_About' is clicked on

09-03-2025T19:19:32 - [MESSAGE][PASSED] - Object: 'Object Repository/OrangeHrm Page/Page_OrangeHRM/a_About' is clicked on

09-03-2025T19:19:32 - [TEST_STEP][PASSED] - verifyElementPresent(findTestObject("Object Repository/OrangeHrm Page/Page_OrangeHRM/h6_About"), 0): Object 'Object Repository/OrangeHrm Page/Page_OrangeHRM/h6_About' is present

09-03-2025T19:19:32 - [MESSAGE][WARNING] - Timeout '0' is invalid. Using default page load timeout: '30'

09-03-2025T19:19:33 - [MESSAGE][PASSED] - Object 'Object Repository/OrangeHrm Page/Page_OrangeHRM/h6_About' is present

09-03-2025T19:19:33 - [TEST_STEP][PASSED] - verifyElementPresent(findTestObject("Object Repository/OrangeHrm Page/Page_OrangeHRM/p_Company Name"), 0): Object 'Object Repository/OrangeHrm Page/Page_OrangeHRM/p_Company Name' is present

09-03-2025T19:19:33 - [MESSAGE][WARNING] - Timeout '0' is invalid. Using default page load timeout: '30'

09-03-2025T19:19:33 - [MESSAGE][PASSED] - Object 'Object Repository/OrangeHrm Page/Page_OrangeHRM/p_Company Name' is present

09-03-2025T19:19:33 - [TEST_STEP][PASSED] - verifyElementPresent(findTestObject("Object Repository/OrangeHrm Page/Page_OrangeHRM/p_Version"), 0): Object 'Object Repository/OrangeHrm Page/Page_OrangeHRM/p_Version' is present

09-03-2025T19:19:33 - [MESSAGE][WARNING] - Timeout '0' is invalid. Using default page load timeout: '30'

09-03-2025T19:19:33 - [MESSAGE][PASSED] - Object 'Object Repository/OrangeHrm Page/Page_OrangeHRM/p_Version' is present

09-03-2025T19:19:33 - [TEST_STEP][PASSED] - verifyElementPresent(findTestObject("Object Repository/OrangeHrm Page/Page_OrangeHRM/p_Active Employees"), 0): Object 'Object Repository/OrangeHrm Page/Page_OrangeHRM/p_Active Employees' is present

09-03-2025T19:19:33 - [MESSAGE][WARNING] - Timeout '0' is invalid. Using default page load timeout: '30'

09-03-2025T19:19:33 - [MESSAGE][PASSED] - Object 'Object Repository/OrangeHrm Page/Page_OrangeHRM/p_Active Employees' is present

09-03-2025T19:19:33 - [TEST_STEP][PASSED] - verifyElementPresent(findTestObject("Object Repository/OrangeHrm Page/Page_OrangeHRM/p_Employees Terminated"), 0): Object 'Object Repository/OrangeHrm Page/Page_OrangeHRM/p_Employees Terminated' is present

09-03-2025T19:19:33 - [MESSAGE][WARNING] - Timeout '0' is invalid. Using default page load timeout: '30'

09-03-2025T19:19:34 - [MESSAGE][PASSED] - Object 'Object Repository/OrangeHrm Page/Page_OrangeHRM/p_Employees Terminated' is present

09-03-2025T19:19:34 - [TEST_STEP][PASSED] - click(findTestObject("Object Repository/OrangeHrm Page/Page_OrangeHRM/button_")): Object: 'Object Repository/OrangeHrm Page/Page_OrangeHRM/button_' is clicked on

09-03-2025T19:19:34 - [MESSAGE][PASSED] - Object: 'Object Repository/OrangeHrm Page/Page_OrangeHRM/button_' is clicked on

09-03-2025T19:19:34 - [TEST_STEP][PASSED] - closeBrowser(): Browser is closed

09-03-2025T19:19:34 - [MESSAGE][PASSED] - Browser is closed]]></system-out>
         <system-err><![CDATA[]]></system-err>
      </testcase>
      <testcase name="Test Cases/OrangeHrm Test Cases/OTC005_Support Page" time="11.468" classname="Test Cases/OrangeHrm Test Cases/OTC005_Support Page" status="PASSED">
         <system-out><![CDATA[09-03-2025T19:19:34 - [TEST_CASE][PASSED] - Test Cases/OrangeHrm Test Cases/OTC005_Support Page: Test Cases/OrangeHrm Test Cases/OTC005_Support Page

09-03-2025T19:19:34 - [TEST_STEP][PASSED] - callTestCase(findTestCase("OrangeHrm Test Cases/OTC002_Login with Valid Credential"), [:], STOP_ON_FAILURE): Call Test Case 'Test Cases/OrangeHrm Test Cases/OTC002_Login with Valid Credential' successfully

09-03-2025T19:19:34 - [TEST_CASE][PASSED] - Test Cases/OrangeHrm Test Cases/OTC002_Login with Valid Credential: Test Cases/OrangeHrm Test Cases/OTC002_Login with Valid Credential

09-03-2025T19:19:34 - [TEST_STEP][PASSED] - openBrowser(""): Browser is opened with url: ''

09-03-2025T19:19:34 - [MESSAGE][INFO] - Starting 'Chrome' driver

09-03-2025T19:19:34 - [MESSAGE][INFO] - Action delay is set to 0 milliseconds

09-03-2025T19:19:35 - [MESSAGE][PASSED] - Browser is opened with url: ''

09-03-2025T19:19:35 - [TEST_STEP][PASSED] - navigateToUrl("https://opensource-demo.orangehrmlive.com/web/index.php/auth/login"): Navigate to 'https://opensource-demo.orangehrmlive.com/web/index.php/auth/login' successfully

09-03-2025T19:19:38 - [MESSAGE][PASSED] - Navigate to 'https://opensource-demo.orangehrmlive.com/web/index.php/auth/login' successfully

09-03-2025T19:19:38 - [TEST_STEP][PASSED] - setText(findTestObject("Object Repository/OrangeHrm Page/Page_OrangeHRM/input_Username_username"), "Admin"): Text 'Admin' is set on object 'Object Repository/OrangeHrm Page/Page_OrangeHRM/input_Username_username'

09-03-2025T19:19:39 - [MESSAGE][PASSED] - Text 'Admin' is set on object 'Object Repository/OrangeHrm Page/Page_OrangeHRM/input_Username_username'

09-03-2025T19:19:39 - [TEST_STEP][PASSED] - setEncryptedText(findTestObject("Object Repository/OrangeHrm Page/Page_OrangeHRM/input_Password_password"), "hUKwJTbofgPU9eVlw/CnDQ=="): Text ****** has been set on object 'Object Repository/OrangeHrm Page/Page_OrangeHRM/input_Password_password'

09-03-2025T19:19:39 - [MESSAGE][PASSED] - Text ****** has been set on object 'Object Repository/OrangeHrm Page/Page_OrangeHRM/input_Password_password'

09-03-2025T19:19:39 - [TEST_STEP][PASSED] - click(findTestObject("Object Repository/OrangeHrm Page/Page_OrangeHRM/button_Login")): Object: 'Object Repository/OrangeHrm Page/Page_OrangeHRM/button_Login' is clicked on

09-03-2025T19:19:40 - [MESSAGE][PASSED] - Object: 'Object Repository/OrangeHrm Page/Page_OrangeHRM/button_Login' is clicked on

09-03-2025T19:19:40 - [TEST_STEP][PASSED] - verifyElementPresent(findTestObject("Object Repository/OrangeHrm Page/Page_OrangeHRM/body_root             --oxd-primary-one-col_45f367"), 0): Object 'Object Repository/OrangeHrm Page/Page_OrangeHRM/body_root             --oxd-primary-one-col_45f367' is present

09-03-2025T19:19:40 - [MESSAGE][WARNING] - Timeout '0' is invalid. Using default page load timeout: '30'

09-03-2025T19:19:42 - [MESSAGE][PASSED] - Object 'Object Repository/OrangeHrm Page/Page_OrangeHRM/body_root             --oxd-primary-one-col_45f367' is present

09-03-2025T19:19:42 - [MESSAGE][PASSED] - Call Test Case 'Test Cases/OrangeHrm Test Cases/OTC002_Login with Valid Credential' successfully

09-03-2025T19:19:42 - [TEST_STEP][PASSED] - click(findTestObject("Object Repository/OrangeHrm Page/Page_OrangeHRM/i_oxd-icon bi-caret-down-fill oxd-userdropdown-i")): Object: 'Object Repository/OrangeHrm Page/Page_OrangeHRM/i_oxd-icon bi-caret-down-fill oxd-userdropdown-i' is clicked on

09-03-2025T19:19:43 - [MESSAGE][PASSED] - Object: 'Object Repository/OrangeHrm Page/Page_OrangeHRM/i_oxd-icon bi-caret-down-fill oxd-userdropdown-i' is clicked on

09-03-2025T19:19:43 - [TEST_STEP][PASSED] - verifyElementPresent(findTestObject("Object Repository/OrangeHrm Page/Page_OrangeHRM/a_Support"), 0): Object 'Object Repository/OrangeHrm Page/Page_OrangeHRM/a_Support' is present

09-03-2025T19:19:43 - [MESSAGE][WARNING] - Timeout '0' is invalid. Using default page load timeout: '30'

09-03-2025T19:19:43 - [MESSAGE][PASSED] - Object 'Object Repository/OrangeHrm Page/Page_OrangeHRM/a_Support' is present

09-03-2025T19:19:43 - [TEST_STEP][PASSED] - click(findTestObject("Object Repository/OrangeHrm Page/Page_OrangeHRM/a_Support")): Object: 'Object Repository/OrangeHrm Page/Page_OrangeHRM/a_Support' is clicked on

09-03-2025T19:19:44 - [MESSAGE][PASSED] - Object: 'Object Repository/OrangeHrm Page/Page_OrangeHRM/a_Support' is clicked on

09-03-2025T19:19:44 - [TEST_STEP][PASSED] - verifyElementPresent(findTestObject("Object Repository/OrangeHrm Page/Page_OrangeHRM/h6_Getting Started with OrangeHRM"), 0): Object 'Object Repository/OrangeHrm Page/Page_OrangeHRM/h6_Getting Started with OrangeHRM' is present

09-03-2025T19:19:44 - [MESSAGE][WARNING] - Timeout '0' is invalid. Using default page load timeout: '30'

09-03-2025T19:19:44 - [MESSAGE][PASSED] - Object 'Object Repository/OrangeHrm Page/Page_OrangeHRM/h6_Getting Started with OrangeHRM' is present

09-03-2025T19:19:44 - [TEST_STEP][PASSED] - verifyElementPresent(findTestObject("Object Repository/OrangeHrm Page/Page_OrangeHRM/p_Learning how to use a new application can be c"), 0): Object 'Object Repository/OrangeHrm Page/Page_OrangeHRM/p_Learning how to use a new application can be c' is present

09-03-2025T19:19:44 - [MESSAGE][WARNING] - Timeout '0' is invalid. Using default page load timeout: '30'

09-03-2025T19:19:45 - [MESSAGE][PASSED] - Object 'Object Repository/OrangeHrm Page/Page_OrangeHRM/p_Learning how to use a new application can be c' is present

09-03-2025T19:19:45 - [TEST_STEP][PASSED] - verifyElementPresent(findTestObject("Object Repository/OrangeHrm Page/Page_OrangeHRM/p_Customer Support"), 0): Object 'Object Repository/OrangeHrm Page/Page_OrangeHRM/p_Customer Support' is present

09-03-2025T19:19:45 - [MESSAGE][WARNING] - Timeout '0' is invalid. Using default page load timeout: '30'

09-03-2025T19:19:45 - [MESSAGE][PASSED] - Object 'Object Repository/OrangeHrm Page/Page_OrangeHRM/p_Customer Support' is present

09-03-2025T19:19:45 - [TEST_STEP][PASSED] - verifyElementPresent(findTestObject("Object Repository/OrangeHrm Page/Page_OrangeHRM/p_Should you experience any issues, please do no"), 0): Object 'Object Repository/OrangeHrm Page/Page_OrangeHRM/p_Should you experience any issues, please do no' is present

09-03-2025T19:19:45 - [MESSAGE][WARNING] - Timeout '0' is invalid. Using default page load timeout: '30'

09-03-2025T19:19:45 - [MESSAGE][PASSED] - Object 'Object Repository/OrangeHrm Page/Page_OrangeHRM/p_Should you experience any issues, please do no' is present

09-03-2025T19:19:45 - [TEST_STEP][PASSED] - verifyElementPresent(findTestObject("Object Repository/OrangeHrm Page/Page_OrangeHRM/i_oxd-icon bi-question-lg"), 0): Object 'Object Repository/OrangeHrm Page/Page_OrangeHRM/i_oxd-icon bi-question-lg' is present

09-03-2025T19:19:45 - [MESSAGE][WARNING] - Timeout '0' is invalid. Using default page load timeout: '30'

09-03-2025T19:19:45 - [MESSAGE][PASSED] - Object 'Object Repository/OrangeHrm Page/Page_OrangeHRM/i_oxd-icon bi-question-lg' is present

09-03-2025T19:19:45 - [TEST_STEP][PASSED] - closeBrowser(): Browser is closed

09-03-2025T19:19:46 - [MESSAGE][PASSED] - Browser is closed]]></system-out>
         <system-err><![CDATA[]]></system-err>
      </testcase>
      <testcase name="Test Cases/OrangeHrm Test Cases/OTC007_Update Login Credential" time="18.514" classname="Test Cases/OrangeHrm Test Cases/OTC007_Update Login Credential" status="PASSED">
         <system-out><![CDATA[09-03-2025T19:19:46 - [TEST_CASE][PASSED] - Test Cases/OrangeHrm Test Cases/OTC007_Update Login Credential: Test Cases/OrangeHrm Test Cases/OTC007_Update Login Credential

09-03-2025T19:19:46 - [TEST_STEP][PASSED] - callTestCase(findTestCase("OrangeHrm Test Cases/OTC006_Validate Change Password Page"), [:], STOP_ON_FAILURE): Call Test Case 'Test Cases/OrangeHrm Test Cases/OTC006_Validate Change Password Page' successfully

09-03-2025T19:19:46 - [TEST_CASE][PASSED] - Test Cases/OrangeHrm Test Cases/OTC006_Validate Change Password Page: Test Cases/OrangeHrm Test Cases/OTC006_Validate Change Password Page

09-03-2025T19:19:46 - [TEST_STEP][PASSED] - callTestCase(findTestCase("OrangeHrm Test Cases/OTC002_Login with Valid Credential"), [:], STOP_ON_FAILURE): Call Test Case 'Test Cases/OrangeHrm Test Cases/OTC002_Login with Valid Credential' successfully

09-03-2025T19:19:46 - [TEST_CASE][PASSED] - Test Cases/OrangeHrm Test Cases/OTC002_Login with Valid Credential: Test Cases/OrangeHrm Test Cases/OTC002_Login with Valid Credential

09-03-2025T19:19:46 - [TEST_STEP][PASSED] - openBrowser(""): Browser is opened with url: ''

09-03-2025T19:19:46 - [MESSAGE][INFO] - Starting 'Chrome' driver

09-03-2025T19:19:46 - [MESSAGE][INFO] - Action delay is set to 0 milliseconds

09-03-2025T19:19:46 - [MESSAGE][PASSED] - Browser is opened with url: ''

09-03-2025T19:19:46 - [TEST_STEP][PASSED] - navigateToUrl("https://opensource-demo.orangehrmlive.com/web/index.php/auth/login"): Navigate to 'https://opensource-demo.orangehrmlive.com/web/index.php/auth/login' successfully

09-03-2025T19:19:49 - [MESSAGE][PASSED] - Navigate to 'https://opensource-demo.orangehrmlive.com/web/index.php/auth/login' successfully

09-03-2025T19:19:49 - [TEST_STEP][PASSED] - setText(findTestObject("Object Repository/OrangeHrm Page/Page_OrangeHRM/input_Username_username"), "Admin"): Text 'Admin' is set on object 'Object Repository/OrangeHrm Page/Page_OrangeHRM/input_Username_username'

09-03-2025T19:19:53 - [MESSAGE][PASSED] - Text 'Admin' is set on object 'Object Repository/OrangeHrm Page/Page_OrangeHRM/input_Username_username'

09-03-2025T19:19:53 - [TEST_STEP][PASSED] - setEncryptedText(findTestObject("Object Repository/OrangeHrm Page/Page_OrangeHRM/input_Password_password"), "hUKwJTbofgPU9eVlw/CnDQ=="): Text ****** has been set on object 'Object Repository/OrangeHrm Page/Page_OrangeHRM/input_Password_password'

09-03-2025T19:19:53 - [MESSAGE][PASSED] - Text ****** has been set on object 'Object Repository/OrangeHrm Page/Page_OrangeHRM/input_Password_password'

09-03-2025T19:19:53 - [TEST_STEP][PASSED] - click(findTestObject("Object Repository/OrangeHrm Page/Page_OrangeHRM/button_Login")): Object: 'Object Repository/OrangeHrm Page/Page_OrangeHRM/button_Login' is clicked on

09-03-2025T19:19:54 - [MESSAGE][PASSED] - Object: 'Object Repository/OrangeHrm Page/Page_OrangeHRM/button_Login' is clicked on

09-03-2025T19:19:54 - [TEST_STEP][PASSED] - verifyElementPresent(findTestObject("Object Repository/OrangeHrm Page/Page_OrangeHRM/body_root             --oxd-primary-one-col_45f367"), 0): Object 'Object Repository/OrangeHrm Page/Page_OrangeHRM/body_root             --oxd-primary-one-col_45f367' is present

09-03-2025T19:19:54 - [MESSAGE][WARNING] - Timeout '0' is invalid. Using default page load timeout: '30'

09-03-2025T19:19:56 - [MESSAGE][PASSED] - Object 'Object Repository/OrangeHrm Page/Page_OrangeHRM/body_root             --oxd-primary-one-col_45f367' is present

09-03-2025T19:19:56 - [MESSAGE][PASSED] - Call Test Case 'Test Cases/OrangeHrm Test Cases/OTC002_Login with Valid Credential' successfully

09-03-2025T19:19:56 - [TEST_STEP][PASSED] - click(findTestObject("Object Repository/OrangeHrm Page/Page_OrangeHRM/i_oxd-icon bi-caret-down-fill oxd-userdropdown-i")): Object: 'Object Repository/OrangeHrm Page/Page_OrangeHRM/i_oxd-icon bi-caret-down-fill oxd-userdropdown-i' is clicked on

09-03-2025T19:19:56 - [MESSAGE][PASSED] - Object: 'Object Repository/OrangeHrm Page/Page_OrangeHRM/i_oxd-icon bi-caret-down-fill oxd-userdropdown-i' is clicked on

09-03-2025T19:19:56 - [TEST_STEP][PASSED] - verifyElementPresent(findTestObject("Object Repository/OrangeHrm Page/Page_OrangeHRM/a_Change Password"), 0): Object 'Object Repository/OrangeHrm Page/Page_OrangeHRM/a_Change Password' is present

09-03-2025T19:19:56 - [MESSAGE][WARNING] - Timeout '0' is invalid. Using default page load timeout: '30'

09-03-2025T19:19:56 - [MESSAGE][PASSED] - Object 'Object Repository/OrangeHrm Page/Page_OrangeHRM/a_Change Password' is present

09-03-2025T19:19:56 - [TEST_STEP][PASSED] - click(findTestObject("Object Repository/OrangeHrm Page/Page_OrangeHRM/a_Change Password")): Object: 'Object Repository/OrangeHrm Page/Page_OrangeHRM/a_Change Password' is clicked on

09-03-2025T19:19:57 - [MESSAGE][PASSED] - Object: 'Object Repository/OrangeHrm Page/Page_OrangeHRM/a_Change Password' is clicked on

09-03-2025T19:19:57 - [TEST_STEP][PASSED] - click(findTestObject("Object Repository/OrangeHrm Page/Page_OrangeHRM/h6_PIM")): Object: 'Object Repository/OrangeHrm Page/Page_OrangeHRM/h6_PIM' is clicked on

09-03-2025T19:19:58 - [MESSAGE][PASSED] - Object: 'Object Repository/OrangeHrm Page/Page_OrangeHRM/h6_PIM' is clicked on

09-03-2025T19:19:58 - [TEST_STEP][PASSED] - waitForElementVisible(findTestObject("Object Repository/OrangeHrm Page/Page_OrangeHRM/h6_Update Password"), 0): Object 'Object Repository/OrangeHrm Page/Page_OrangeHRM/h6_Update Password' is visible

09-03-2025T19:19:58 - [MESSAGE][WARNING] - Timeout '0' is invalid. Using default page load timeout: '30'

09-03-2025T19:19:58 - [MESSAGE][PASSED] - Object 'Object Repository/OrangeHrm Page/Page_OrangeHRM/h6_Update Password' is visible

09-03-2025T19:19:58 - [TEST_STEP][PASSED] - verifyElementPresent(findTestObject("Object Repository/OrangeHrm Page/Page_OrangeHRM/h6_Update Password"), 0): Object 'Object Repository/OrangeHrm Page/Page_OrangeHRM/h6_Update Password' is present

09-03-2025T19:19:58 - [MESSAGE][WARNING] - Timeout '0' is invalid. Using default page load timeout: '30'

09-03-2025T19:19:58 - [MESSAGE][PASSED] - Object 'Object Repository/OrangeHrm Page/Page_OrangeHRM/h6_Update Password' is present

09-03-2025T19:19:58 - [TEST_STEP][PASSED] - verifyElementPresent(findTestObject("Object Repository/OrangeHrm Page/Page_OrangeHRM/button_Save"), 0): Object 'Object Repository/OrangeHrm Page/Page_OrangeHRM/button_Save' is present

09-03-2025T19:19:58 - [MESSAGE][WARNING] - Timeout '0' is invalid. Using default page load timeout: '30'

09-03-2025T19:19:59 - [MESSAGE][PASSED] - Object 'Object Repository/OrangeHrm Page/Page_OrangeHRM/button_Save' is present

09-03-2025T19:19:59 - [TEST_STEP][PASSED] - verifyElementPresent(findTestObject("Object Repository/OrangeHrm Page/Page_OrangeHRM/button_Cancel"), 0): Object 'Object Repository/OrangeHrm Page/Page_OrangeHRM/button_Cancel' is present

09-03-2025T19:19:59 - [MESSAGE][WARNING] - Timeout '0' is invalid. Using default page load timeout: '30'

09-03-2025T19:19:59 - [MESSAGE][PASSED] - Object 'Object Repository/OrangeHrm Page/Page_OrangeHRM/button_Cancel' is present

09-03-2025T19:19:59 - [MESSAGE][PASSED] - Call Test Case 'Test Cases/OrangeHrm Test Cases/OTC006_Validate Change Password Page' successfully

09-03-2025T19:19:59 - [TEST_STEP][PASSED] - click(findTestObject("Object Repository/OrangeHrm Page/Page_OrangeHRM/input_oxd-input oxd-input-active")): Object: 'Object Repository/OrangeHrm Page/Page_OrangeHRM/input_oxd-input oxd-input-active' is clicked on

09-03-2025T19:19:59 - [MESSAGE][PASSED] - Object: 'Object Repository/OrangeHrm Page/Page_OrangeHRM/input_oxd-input oxd-input-active' is clicked on

09-03-2025T19:19:59 - [TEST_STEP][PASSED] - setEncryptedText(findTestObject("Object Repository/OrangeHrm Page/Page_OrangeHRM/input_oxd-input oxd-input-active"), "hUKwJTbofgPU9eVlw/CnDQ=="): Text ****** has been set on object 'Object Repository/OrangeHrm Page/Page_OrangeHRM/input_oxd-input oxd-input-active'

09-03-2025T19:19:59 - [MESSAGE][PASSED] - Text ****** has been set on object 'Object Repository/OrangeHrm Page/Page_OrangeHRM/input_oxd-input oxd-input-active'

09-03-2025T19:19:59 - [TEST_STEP][PASSED] - click(findTestObject("Object Repository/OrangeHrm Page/Page_OrangeHRM/input_oxd-input oxd-input-active_1")): Object: 'Object Repository/OrangeHrm Page/Page_OrangeHRM/input_oxd-input oxd-input-active_1' is clicked on

09-03-2025T19:20:00 - [MESSAGE][PASSED] - Object: 'Object Repository/OrangeHrm Page/Page_OrangeHRM/input_oxd-input oxd-input-active_1' is clicked on

09-03-2025T19:20:00 - [TEST_STEP][PASSED] - setEncryptedText(findTestObject("Object Repository/OrangeHrm Page/Page_OrangeHRM/input_oxd-input oxd-input-active_1"), "hUKwJTbofgPskEWN4pMTBw=="): Text ****** has been set on object 'Object Repository/OrangeHrm Page/Page_OrangeHRM/input_oxd-input oxd-input-active_1'

09-03-2025T19:20:00 - [MESSAGE][PASSED] - Text ****** has been set on object 'Object Repository/OrangeHrm Page/Page_OrangeHRM/input_oxd-input oxd-input-active_1'

09-03-2025T19:20:00 - [TEST_STEP][PASSED] - click(findTestObject("Object Repository/OrangeHrm Page/Page_OrangeHRM/input_oxd-input oxd-input-active_1_2")): Object: 'Object Repository/OrangeHrm Page/Page_OrangeHRM/input_oxd-input oxd-input-active_1_2' is clicked on

09-03-2025T19:20:00 - [MESSAGE][PASSED] - Object: 'Object Repository/OrangeHrm Page/Page_OrangeHRM/input_oxd-input oxd-input-active_1_2' is clicked on

09-03-2025T19:20:00 - [TEST_STEP][PASSED] - setEncryptedText(findTestObject("Object Repository/OrangeHrm Page/Page_OrangeHRM/input_oxd-input oxd-input-active_1_2"), "hUKwJTbofgPskEWN4pMTBw=="): Text ****** has been set on object 'Object Repository/OrangeHrm Page/Page_OrangeHRM/input_oxd-input oxd-input-active_1_2'

09-03-2025T19:20:01 - [MESSAGE][PASSED] - Text ****** has been set on object 'Object Repository/OrangeHrm Page/Page_OrangeHRM/input_oxd-input oxd-input-active_1_2'

09-03-2025T19:20:01 - [TEST_STEP][PASSED] - verifyElementPresent(findTestObject("Object Repository/OrangeHrm Page/Page_OrangeHRM/button_Save"), 0): Object 'Object Repository/OrangeHrm Page/Page_OrangeHRM/button_Save' is present

09-03-2025T19:20:01 - [MESSAGE][WARNING] - Timeout '0' is invalid. Using default page load timeout: '30'

09-03-2025T19:20:01 - [MESSAGE][PASSED] - Object 'Object Repository/OrangeHrm Page/Page_OrangeHRM/button_Save' is present

09-03-2025T19:20:01 - [TEST_STEP][PASSED] - click(findTestObject("Object Repository/OrangeHrm Page/Page_OrangeHRM/button_Save")): Object: 'Object Repository/OrangeHrm Page/Page_OrangeHRM/button_Save' is clicked on

09-03-2025T19:20:02 - [MESSAGE][PASSED] - Object: 'Object Repository/OrangeHrm Page/Page_OrangeHRM/button_Save' is clicked on

09-03-2025T19:20:02 - [TEST_STEP][PASSED] - waitForElementVisible(findTestObject("Object Repository/OrangeHrm Page/Page_OrangeHRM/div_Success"), 0): Object 'Object Repository/OrangeHrm Page/Page_OrangeHRM/div_Success' is visible

09-03-2025T19:20:02 - [MESSAGE][WARNING] - Timeout '0' is invalid. Using default page load timeout: '30'

09-03-2025T19:20:04 - [MESSAGE][PASSED] - Object 'Object Repository/OrangeHrm Page/Page_OrangeHRM/div_Success' is visible

09-03-2025T19:20:04 - [TEST_STEP][PASSED] - verifyElementPresent(findTestObject("Object Repository/OrangeHrm Page/Page_OrangeHRM/div_SuccessSuccessfully Saved"), 0): Object 'Object Repository/OrangeHrm Page/Page_OrangeHRM/div_SuccessSuccessfully Saved' is present

09-03-2025T19:20:04 - [MESSAGE][WARNING] - Timeout '0' is invalid. Using default page load timeout: '30'

09-03-2025T19:20:04 - [MESSAGE][PASSED] - Object 'Object Repository/OrangeHrm Page/Page_OrangeHRM/div_SuccessSuccessfully Saved' is present

09-03-2025T19:20:04 - [TEST_STEP][PASSED] - closeBrowser(): Browser is closed

09-03-2025T19:20:04 - [MESSAGE][PASSED] - Browser is closed]]></system-out>
         <system-err><![CDATA[]]></system-err>
      </testcase>
      <testcase name="Test Cases/OrangeHrm Test Cases/OTC011_Admin Page" time="15.222" classname="Test Cases/OrangeHrm Test Cases/OTC011_Admin Page" status="PASSED">
         <system-out><![CDATA[09-03-2025T19:20:04 - [TEST_CASE][PASSED] - Test Cases/OrangeHrm Test Cases/OTC011_Admin Page: Test Cases/OrangeHrm Test Cases/OTC011_Admin Page

09-03-2025T19:20:04 - [TEST_STEP][PASSED] - callTestCase(findTestCase("OrangeHrm Test Cases/OTC002_Login with Valid Credential"), [:], STOP_ON_FAILURE): Call Test Case 'Test Cases/OrangeHrm Test Cases/OTC002_Login with Valid Credential' successfully

09-03-2025T19:20:04 - [TEST_CASE][PASSED] - Test Cases/OrangeHrm Test Cases/OTC002_Login with Valid Credential: Test Cases/OrangeHrm Test Cases/OTC002_Login with Valid Credential

09-03-2025T19:20:04 - [TEST_STEP][PASSED] - openBrowser(""): Browser is opened with url: ''

09-03-2025T19:20:04 - [MESSAGE][INFO] - Starting 'Chrome' driver

09-03-2025T19:20:04 - [MESSAGE][INFO] - Action delay is set to 0 milliseconds

09-03-2025T19:20:05 - [MESSAGE][PASSED] - Browser is opened with url: ''

09-03-2025T19:20:05 - [TEST_STEP][PASSED] - navigateToUrl("https://opensource-demo.orangehrmlive.com/web/index.php/auth/login"): Navigate to 'https://opensource-demo.orangehrmlive.com/web/index.php/auth/login' successfully

09-03-2025T19:20:11 - [MESSAGE][PASSED] - Navigate to 'https://opensource-demo.orangehrmlive.com/web/index.php/auth/login' successfully

09-03-2025T19:20:11 - [TEST_STEP][PASSED] - setText(findTestObject("Object Repository/OrangeHrm Page/Page_OrangeHRM/input_Username_username"), "Admin"): Text 'Admin' is set on object 'Object Repository/OrangeHrm Page/Page_OrangeHRM/input_Username_username'

09-03-2025T19:20:13 - [MESSAGE][PASSED] - Text 'Admin' is set on object 'Object Repository/OrangeHrm Page/Page_OrangeHRM/input_Username_username'

09-03-2025T19:20:13 - [TEST_STEP][PASSED] - setEncryptedText(findTestObject("Object Repository/OrangeHrm Page/Page_OrangeHRM/input_Password_password"), "hUKwJTbofgPU9eVlw/CnDQ=="): Text ****** has been set on object 'Object Repository/OrangeHrm Page/Page_OrangeHRM/input_Password_password'

09-03-2025T19:20:13 - [MESSAGE][PASSED] - Text ****** has been set on object 'Object Repository/OrangeHrm Page/Page_OrangeHRM/input_Password_password'

09-03-2025T19:20:13 - [TEST_STEP][PASSED] - click(findTestObject("Object Repository/OrangeHrm Page/Page_OrangeHRM/button_Login")): Object: 'Object Repository/OrangeHrm Page/Page_OrangeHRM/button_Login' is clicked on

09-03-2025T19:20:14 - [MESSAGE][PASSED] - Object: 'Object Repository/OrangeHrm Page/Page_OrangeHRM/button_Login' is clicked on

09-03-2025T19:20:14 - [TEST_STEP][PASSED] - verifyElementPresent(findTestObject("Object Repository/OrangeHrm Page/Page_OrangeHRM/body_root             --oxd-primary-one-col_45f367"), 0): Object 'Object Repository/OrangeHrm Page/Page_OrangeHRM/body_root             --oxd-primary-one-col_45f367' is present

09-03-2025T19:20:14 - [MESSAGE][WARNING] - Timeout '0' is invalid. Using default page load timeout: '30'

09-03-2025T19:20:16 - [MESSAGE][PASSED] - Object 'Object Repository/OrangeHrm Page/Page_OrangeHRM/body_root             --oxd-primary-one-col_45f367' is present

09-03-2025T19:20:16 - [MESSAGE][PASSED] - Call Test Case 'Test Cases/OrangeHrm Test Cases/OTC002_Login with Valid Credential' successfully

09-03-2025T19:20:16 - [TEST_STEP][PASSED] - waitForElementVisible(findTestObject("Object Repository/OrangeHrm Page/Page_OrangeHRM/a_Admin"), 0): Object 'Object Repository/OrangeHrm Page/Page_OrangeHRM/a_Admin' is visible

09-03-2025T19:20:16 - [MESSAGE][WARNING] - Timeout '0' is invalid. Using default page load timeout: '30'

09-03-2025T19:20:16 - [MESSAGE][PASSED] - Object 'Object Repository/OrangeHrm Page/Page_OrangeHRM/a_Admin' is visible

09-03-2025T19:20:16 - [TEST_STEP][PASSED] - click(findTestObject("Object Repository/OrangeHrm Page/Page_OrangeHRM/a_Admin")): Object: 'Object Repository/OrangeHrm Page/Page_OrangeHRM/a_Admin' is clicked on

09-03-2025T19:20:17 - [MESSAGE][PASSED] - Object: 'Object Repository/OrangeHrm Page/Page_OrangeHRM/a_Admin' is clicked on

09-03-2025T19:20:17 - [TEST_STEP][PASSED] - waitForElementVisible(findTestObject("Object Repository/OrangeHrm Page/Page_OrangeHRM/h5_System Users"), 0): Object 'Object Repository/OrangeHrm Page/Page_OrangeHRM/h5_System Users' is visible

09-03-2025T19:20:17 - [MESSAGE][WARNING] - Timeout '0' is invalid. Using default page load timeout: '30'

09-03-2025T19:20:18 - [MESSAGE][PASSED] - Object 'Object Repository/OrangeHrm Page/Page_OrangeHRM/h5_System Users' is visible

09-03-2025T19:20:18 - [TEST_STEP][PASSED] - verifyElementPresent(findTestObject("Object Repository/OrangeHrm Page/Page_OrangeHRM/h5_System Users"), 0): Object 'Object Repository/OrangeHrm Page/Page_OrangeHRM/h5_System Users' is present

09-03-2025T19:20:18 - [MESSAGE][WARNING] - Timeout '0' is invalid. Using default page load timeout: '30'

09-03-2025T19:20:19 - [MESSAGE][PASSED] - Object 'Object Repository/OrangeHrm Page/Page_OrangeHRM/h5_System Users' is present

09-03-2025T19:20:19 - [TEST_STEP][PASSED] - verifyElementPresent(findTestObject("Object Repository/OrangeHrm Page/Page_OrangeHRM/button_Search"), 0): Object 'Object Repository/OrangeHrm Page/Page_OrangeHRM/button_Search' is present

09-03-2025T19:20:19 - [MESSAGE][WARNING] - Timeout '0' is invalid. Using default page load timeout: '30'

09-03-2025T19:20:19 - [MESSAGE][PASSED] - Object 'Object Repository/OrangeHrm Page/Page_OrangeHRM/button_Search' is present

09-03-2025T19:20:19 - [TEST_STEP][PASSED] - verifyElementPresent(findTestObject("Object Repository/OrangeHrm Page/Page_OrangeHRM/button_Reset"), 0): Object 'Object Repository/OrangeHrm Page/Page_OrangeHRM/button_Reset' is present

09-03-2025T19:20:19 - [MESSAGE][WARNING] - Timeout '0' is invalid. Using default page load timeout: '30'

09-03-2025T19:20:19 - [MESSAGE][PASSED] - Object 'Object Repository/OrangeHrm Page/Page_OrangeHRM/button_Reset' is present

09-03-2025T19:20:19 - [TEST_STEP][PASSED] - verifyElementPresent(findTestObject("Object Repository/OrangeHrm Page/Page_OrangeHRM/button_Add"), 0): Object 'Object Repository/OrangeHrm Page/Page_OrangeHRM/button_Add' is present

09-03-2025T19:20:19 - [MESSAGE][WARNING] - Timeout '0' is invalid. Using default page load timeout: '30'

09-03-2025T19:20:19 - [MESSAGE][PASSED] - Object 'Object Repository/OrangeHrm Page/Page_OrangeHRM/button_Add' is present]]></system-out>
         <system-err><![CDATA[]]></system-err>
      </testcase>
      <system-out><![CDATA[09-03-2025T19:19:13 - [TEST_SUITE][PASSED] - Smoke Test Suite: Test Cases/OrangeHrm Test Cases/OTC011_Admin Page]]></system-out>
      <system-err><![CDATA[]]></system-err>
   </testsuite>
</testsuites>
